Tugas_rancang_PAM/app/build/intermediates/manifest_merge_blame_file/debug/manifest-merger-blame-debug-report.txt
1<?xml version="1.0" encoding="utf-8"?>
2<manifest xmlns:android="http://schemas.android.com/apk/res/android"
3    package="com.example.tugas_rancang_pam"
4    android:versionCode="1"
5    android:versionName="1.0" >
6
7    <uses-sdk
8        android:minSdkVersion="16"
8-->src\main\AndroidManifest.xml
9        android:targetSdkVersion="29" />
9-->src\main\AndroidManifest.xml
10    <!--
11         The ACCESS_COARSE/FINE_LOCATION permissions are not required to use
12         Google Maps Android API v2, but you must specify either coarse or fine
13         location permissions for the 'MyLocation' functionality.
14    -->
15    <uses-permission android:name="android.permission.ACCESS_FINE_LOCATION" />
15-->src\main\AndroidManifest.xml:9:5-79
15-->src\main\AndroidManifest.xml:9:22-76
16
17    <!-- Include required permissions for Google Maps API to run. -->
18    <uses-permission android:name="android.permission.ACCESS_NETWORK_STATE" />
18-->[com.google.android.gms:play-services-maps:17.0.0] AndroidManifest.xml:23:5-79
18-->[com.google.android.gms:play-services-maps:17.0.0] AndroidManifest.xml:23:22-76
19    <uses-permission android:name="android.permission.INTERNET" />
19-->[com.google.android.gms:play-services-maps:17.0.0] AndroidManifest.xml:24:5-67
19-->[com.google.android.gms:play-services-maps:17.0.0] AndroidManifest.xml:24:22-64
20
21    <uses-feature
21-->[com.google.android.gms:play-services-maps:17.0.0] AndroidManifest.xml:26:5-28:35
22        android:glEsVersion="0x00020000"
22-->[com.google.android.gms:play-services-maps:17.0.0] AndroidManifest.xml:27:9-41
23        android:required="true" />
23-->[com.google.android.gms:play-services-maps:17.0.0] AndroidManifest.xml:28:9-32
24
25    <application
25-->src\main\AndroidManifest.xml:11:5-55:19
26        android:allowBackup="true"
26-->src\main\AndroidManifest.xml:12:9-35
27        android:appComponentFactory="androidx.core.app.CoreComponentFactory"
27-->[androidx.core:core:1.1.0] AndroidManifest.xml:24:18-86
28        android:debuggable="true"
29        android:icon="@mipmap/ic_launcher"
29-->src\main\AndroidManifest.xml:13:9-43
30        android:label="@string/app_name"
30-->src\main\AndroidManifest.xml:14:9-41
31        android:roundIcon="@mipmap/ic_launcher_round"
31-->src\main\AndroidManifest.xml:15:9-54
32        android:supportsRtl="true"
32-->src\main\AndroidManifest.xml:16:9-35
33        android:testOnly="true"
34        android:theme="@style/AppTheme" >
34-->src\main\AndroidManifest.xml:17:9-40
35        <activity
35-->src\main\AndroidManifest.xml:18:9-21:25
36            android:name="com.example.tugas_rancang_pam.RecreationActivity"
36-->src\main\AndroidManifest.xml:19:13-47
37            android:label="@string/txt_recreation" />
37-->src\main\AndroidManifest.xml:20:13-51
38        <activity
38-->src\main\AndroidManifest.xml:22:9-25:15
39            android:name="com.example.tugas_rancang_pam.GalleryActivity"
39-->src\main\AndroidManifest.xml:23:13-44
40            android:label="Gallery" />
40-->src\main\AndroidManifest.xml:24:13-36
41        <!--
42             The API key for Google Maps-based APIs is defined as a string resource.
43             (See the file "res/values/google_maps_api.xml").
44             Note that the API key is linked to the encryption key used to sign the APK.
45             You need a different API key for each encryption key, including the release key that is used to
46             sign the APK for publishing.
47             You can define the keys for the debug and release targets in src/debug/ and src/release/.
48        -->
49        <meta-data
49-->src\main\AndroidManifest.xml:34:9-36:55
50            android:name="com.google.android.geo.API_KEY"
50-->src\main\AndroidManifest.xml:35:13-58
51            android:value="@string/google_maps_key" />
51-->src\main\AndroidManifest.xml:36:13-52
52
53        <activity
53-->src\main\AndroidManifest.xml:38:9-42:50
54            android:name="com.example.tugas_rancang_pam.MapsActivity"
54-->src\main\AndroidManifest.xml:39:13-41
55            android:label="@string/title_activity_maps"
55-->src\main\AndroidManifest.xml:40:13-56
56            android:parentActivityName="com.example.tugas_rancang_pam.Home"
56-->src\main\AndroidManifest.xml:42:13-47
57            android:theme="@style/Theme.AppCompat.Light.NoActionBar" />
57-->src\main\AndroidManifest.xml:41:13-69
58        <activity
58-->src\main\AndroidManifest.xml:43:9-45:59
59            android:name="com.example.tugas_rancang_pam.Home"
59-->src\main\AndroidManifest.xml:44:13-33
60            android:label="@string/title_activity_home" />
60-->src\main\AndroidManifest.xml:45:13-56
61        <activity
61-->src\main\AndroidManifest.xml:46:9-54:20
62            android:name="com.example.tugas_rancang_pam.MainActivity"
62-->src\main\AndroidManifest.xml:47:13-41
63            android:theme="@style/Theme.AppCompat.Light.NoActionBar" >
63-->src\main\AndroidManifest.xml:48:13-69
64            <intent-filter>
64-->src\main\AndroidManifest.xml:49:13-53:29
65                <action android:name="android.intent.action.MAIN" />
65-->src\main\AndroidManifest.xml:50:17-69
65-->src\main\AndroidManifest.xml:50:25-66
66
67                <category android:name="android.intent.category.LAUNCHER" />
67-->src\main\AndroidManifest.xml:52:17-77
67-->src\main\AndroidManifest.xml:52:27-74
68            </intent-filter>
69        </activity>
70        <!-- Needs to be explicitly declared on P+ -->
71        <uses-library
71-->[com.google.android.gms:play-services-maps:17.0.0] AndroidManifest.xml:33:9-35:40
72            android:name="org.apache.http.legacy"
72-->[com.google.android.gms:play-services-maps:17.0.0] AndroidManifest.xml:34:13-50
73            android:required="false" />
73-->[com.google.android.gms:play-services-maps:17.0.0] AndroidManifest.xml:35:13-37
74
75        <activity
75-->[com.google.android.gms:play-services-base:17.0.0] AndroidManifest.xml:23:9-26:75
76            android:name="com.google.android.gms.common.api.GoogleApiActivity"
76-->[com.google.android.gms:play-services-base:17.0.0] AndroidManifest.xml:24:13-79
77            android:exported="false"
77-->[com.google.android.gms:play-services-base:17.0.0] AndroidManifest.xml:25:13-37
78            android:theme="@android:style/Theme.Translucent.NoTitleBar" />
78-->[com.google.android.gms:play-services-base:17.0.0] AndroidManifest.xml:26:13-72
79
80        <meta-data
80-->[com.google.android.gms:play-services-basement:17.0.0] AndroidManifest.xml:23:9-25:69
81            android:name="com.google.android.gms.version"
81-->[com.google.android.gms:play-services-basement:17.0.0] AndroidManifest.xml:24:13-58
82            android:value="@integer/google_play_services_version" />
82-->[com.google.android.gms:play-services-basement:17.0.0] AndroidManifest.xml:25:13-66
83
84        <provider
84-->[androidx.lifecycle:lifecycle-process:2.0.0] AndroidManifest.xml:23:9-27:43
85            android:name="androidx.lifecycle.ProcessLifecycleOwnerInitializer"
85-->[androidx.lifecycle:lifecycle-process:2.0.0] AndroidManifest.xml:24:13-79
86            android:authorities="com.example.tugas_rancang_pam.lifecycle-process"
86-->[androidx.lifecycle:lifecycle-process:2.0.0] AndroidManifest.xml:25:13-69
87            android:exported="false"
87-->[androidx.lifecycle:lifecycle-process:2.0.0] AndroidManifest.xml:26:13-37
88            android:multiprocess="true" />
88-->[androidx.lifecycle:lifecycle-process:2.0.0] AndroidManifest.xml:27:13-40
89    </application>
90
91</manifest>